    Checking moon_android v0.1.0 (/home/svenschmidt75/Develop/Astronomy/MoonAndroid/rust)
warning: unused variable: `angle`
  --> src/util.rs:97:13
   |
97 |     fn from(angle: f64) -> Self {
   |             ^^^^^ help: if this is intentional, prefix it with an underscore: `_angle`
   |
   = note: `#[warn(unused_variables)]` on by default

warning: function is never used: `eccentricity`
 --> src/earth.rs:6:8
  |
6 | pub fn eccentricity(jd: f64) -> f64 {
  |        ^^^^^^^^^^^^
  |
  = note: `#[warn(dead_code)]` on by default

warning: function is never used: `ecliptical_to_equatorial`
  --> src/earth.rs:20:8
   |
20 | pub fn ecliptical_to_equatorial(jd: f64, longitude: f64, latitude: f64) -> (f64, f64) {
   |        ^^^^^^^^^^^^^^^^^^^^^^^^

warning: function is never used: `mean_obliquity`
  --> src/ecliptic.rs:10:8
   |
10 | pub fn mean_obliquity(jd: f64) -> f64 {
   |        ^^^^^^^^^^^^^^

warning: function is never used: `true_obliquity`
  --> src/ecliptic.rs:37:8
   |
37 | pub fn true_obliquity(jd: f64) -> f64 {
   |        ^^^^^^^^^^^^^^

warning: function is never used: `from_date`
  --> src/jd.rs:10:8
   |
10 | pub fn from_date(y: i16, m: u8, d: u8, fract_day: f64) -> f64 {
   |        ^^^^^^^^^

warning: function is never used: `is_julian_calendar`
  --> src/jd.rs:31:4
   |
31 | fn is_julian_calendar(y: i16, m: u8, d: u8) -> bool {
   |    ^^^^^^^^^^^^^^^^^^

warning: function is never used: `centuries_from_epoch_j2000`
  --> src/jd.rs:35:8
   |
35 | pub fn centuries_from_epoch_j2000(jd: f64) -> f64 {
   |        ^^^^^^^^^^^^^^^^^^^^^^^^^^

warning: function is never used: `millennia_from_epoch_j2000`
  --> src/jd.rs:45:8
   |
45 | pub fn millennia_from_epoch_j2000(jd: f64) -> f64 {
   |        ^^^^^^^^^^^^^^^^^^^^^^^^^^

warning: constant is never used: `SYNODIC_MONTH`
 --> src/moon/phase.rs:4:1
  |
4 | const SYNODIC_MONTH: f64 = 29.53058868;
  | ^^^^^^^^^^^^^^^^^^^^^^^^^^^^^^^^^^^^^^^

warning: constant is never used: `SYNODIC_MONTH_OVER_2`
 --> src/moon/phase.rs:5:1
  |
5 | const SYNODIC_MONTH_OVER_2: f64 = SYNODIC_MONTH / 2.0;
  | ^^^^^^^^^^^^^^^^^^^^^^^^^^^^^^^^^^^^^^^^^^^^^^^^^^^^^^

warning: function is never used: `phase_angle`
 --> src/moon/phase.rs:8:8
  |
8 | pub fn phase_angle(jd: f64) -> f64 {
  |        ^^^^^^^^^^^

warning: function is never used: `fraction_illuminated`
  --> src/moon/phase.rs:29:8
   |
29 | pub fn fraction_illuminated(jd: f64) -> f64 {
   |        ^^^^^^^^^^^^^^^^^^^^

warning: constant is never used: `SIGMA_L_AND_R_COEFFICIENTS`
  --> src/moon/position.rs:6:1
   |
6  | / const SIGMA_L_AND_R_COEFFICIENTS: [(i8, i8, i8, i8, i64, i64); 60] = [
7  | |     (0, 0, 1, 0, 6288774, -20905355),
8  | |     (2, 0, -1, 0, 1274027, -3699111),
9  | |     (2, 0, 0, 0, 658314, -2955968),
...  |
66 | |     (2, 0, -1, -2, 0, 8752),
67 | | ];
   | |__^

warning: constant is never used: `SIGMA_B_COEFFICIENTS`
   --> src/moon/position.rs:70:1
    |
70  | / const SIGMA_B_COEFFICIENTS: [(i8, i8, i8, i8, i64); 60] = [
71  | |     (0, 0, 0, 1, 5128122),
72  | |     (0, 0, 1, 1, 280602),
73  | |     (0, 0, 1, -1, 277693),
...   |
130 | |     (2, -2, 0, 1, 107),
131 | | ];
    | |__^

warning: function is never used: `mean_longitude`
   --> src/moon/position.rs:136:4
    |
136 | fn mean_longitude(jd: f64) -> f64 {
    |    ^^^^^^^^^^^^^^

warning: function is never used: `mean_elongation`
   --> src/moon/position.rs:153:4
    |
153 | fn mean_elongation(jd: f64) -> f64 {
    |    ^^^^^^^^^^^^^^^

warning: function is never used: `mean_anomaly`
   --> src/moon/position.rs:170:4
    |
170 | fn mean_anomaly(jd: f64) -> f64 {
    |    ^^^^^^^^^^^^

warning: function is never used: `argument_of_latitude`
   --> src/moon/position.rs:187:4
    |
187 | fn argument_of_latitude(jd: f64) -> f64 {
    |    ^^^^^^^^^^^^^^^^^^^^

warning: function is never used: `longitude`
   --> src/moon/position.rs:204:4
    |
204 | fn longitude(jd: f64) -> f64 {
    |    ^^^^^^^^^

warning: function is never used: `latitude`
   --> src/moon/position.rs:247:4
    |
247 | fn latitude(jd: f64) -> f64 {
    |    ^^^^^^^^

warning: function is never used: `distance_from_earth`
   --> src/moon/position.rs:289:4
    |
289 | fn distance_from_earth(jd: f64) -> f64 {
    |    ^^^^^^^^^^^^^^^^^^^

warning: constant is never used: `NUTATION_PERTURBATION_TERMS`
  --> src/nutation.rs:4:1
   |
4  | / const NUTATION_PERTURBATION_TERMS: [(i8, i8, i8, i8, i8, i64, f64, i64, f64); 63] = [
5  | |     (0, 0, 0, 0, 1, -171996, -174.2, 92025, 8.9),
6  | |     (-2, 0, 0, 2, 2, -13187, -1.6, 5736, -3.1),
7  | |     (0, 0, 0, 2, 2, -2274, -0.2, 977, -0.5),
...  |
67 | |     (2, -1, 0, 2, 2, -3, 0.0, 0, 0.0),
68 | | ];
   | |__^

warning: function is never used: `nutation_in_longitude`
  --> src/nutation.rs:73:8
   |
73 | pub fn nutation_in_longitude(jd: f64) -> f64 {
   |        ^^^^^^^^^^^^^^^^^^^^^

warning: function is never used: `nutation_in_obliquity`
   --> src/nutation.rs:109:8
    |
109 | pub fn nutation_in_obliquity(jd: f64) -> f64 {
    |        ^^^^^^^^^^^^^^^^^^^^^

warning: function is never used: `heliocentric_ecliptical_longitude`
 --> src/sun/position.rs:9:8
  |
9 | pub fn heliocentric_ecliptical_longitude(jd: f64) -> f64 {
  |        ^^^^^^^^^^^^^^^^^^^^^^^^^^^^^^^^^

warning: function is never used: `heliocentric_ecliptical_latitude`
  --> src/sun/position.rs:33:8
   |
33 | pub fn heliocentric_ecliptical_latitude(jd: f64) -> f64 {
   |        ^^^^^^^^^^^^^^^^^^^^^^^^^^^^^^^^

warning: function is never used: `distance_earth_sun`
  --> src/sun/position.rs:58:8
   |
58 | pub fn distance_earth_sun(jd: f64) -> f64 {
   |        ^^^^^^^^^^^^^^^^^^

warning: function is never used: `geocentric_ecliptical_longitude`
  --> src/sun/position.rs:82:8
   |
82 | pub fn geocentric_ecliptical_longitude(jd: f64) -> f64 {
   |        ^^^^^^^^^^^^^^^^^^^^^^^^^^^^^^^

warning: function is never used: `geocentric_ecliptical_latitude`
  --> src/sun/position.rs:91:8
   |
91 | pub fn geocentric_ecliptical_latitude(jd: f64) -> f64 {
   |        ^^^^^^^^^^^^^^^^^^^^^^^^^^^^^^

warning: function is never used: `geocentric_ecliptical_to_fk5`
   --> src/sun/position.rs:102:8
    |
102 | pub fn geocentric_ecliptical_to_fk5(jd: f64, longitude: f64, latitude: f64) -> (f64, f64) {
    |        ^^^^^^^^^^^^^^^^^^^^^^^^^^^^

warning: function is never used: `variation_geocentric_longitude`
   --> src/sun/position.rs:128:4
    |
128 | fn variation_geocentric_longitude(jd: f64) -> f64 {
    |    ^^^^^^^^^^^^^^^^^^^^^^^^^^^^^^

warning: function is never used: `apparent_geometric_longitude`
   --> src/sun/position.rs:163:4
    |
163 | fn apparent_geometric_longitude(jd: f64) -> f64 {
    |    ^^^^^^^^^^^^^^^^^^^^^^^^^^^^

warning: function is never used: `mean_anomaly`
 --> src/sun/sun.rs:6:8
  |
6 | pub fn mean_anomaly(jd: f64) -> f64 {
  |        ^^^^^^^^^^^^

warning: constant is never used: `VSOP87D_L0_EARTH`
   --> src/sun/vsop87d_ear.rs:6:1
    |
6   | / const VSOP87D_L0_EARTH: [(f64, f64, f64); 559] = [
7   | |     (1.75347045673, 0.00000000000, 0.00000000000),
8   | |     (0.03341656456, 4.66925680417, 6283.07584999140),
9   | |     (0.00034894275, 4.62610241759, 12566.15169998280),
...   |
565 | |     (0.00000000049, 2.44790934886, 13613.80427733600),
566 | | ];
    | |__^

warning: constant is never used: `VSOP87D_L1_EARTH`
   --> src/sun/vsop87d_ear.rs:568:1
    |
568 | / const VSOP87D_L1_EARTH: [(f64, f64, f64); 341] = [
569 | |     (6283.31966747491, 0.00000000000, 0.00000000000),
570 | |     (0.00206058863, 2.67823455584, 6283.07584999140),
571 | |     (0.00004303430, 2.63512650414, 12566.15169998280),
...   |
909 | |     (0.00000000025, 5.71466092822, 25934.12433108940),
910 | | ];
    | |__^

warning: constant is never used: `VSOP87D_L2_EARTH`
    --> src/sun/vsop87d_ear.rs:912:1
     |
912  | / const VSOP87D_L2_EARTH: [(f64, f64, f64); 142] = [
913  | |     (0.00052918870, 0.00000000000, 0.00000000000),
914  | |     (0.00008719837, 1.07209665242, 6283.07584999140),
915  | |     (0.00000309125, 0.86728818832, 12566.15169998280),
...    |
1054 | |     (0.00000000010, 4.93364992366, 12352.85260454480),
1055 | | ];
     | |__^

warning: constant is never used: `VSOP87D_L3_EARTH`
    --> src/sun/vsop87d_ear.rs:1057:1
     |
1057 | / const VSOP87D_L3_EARTH: [(f64, f64, f64); 22] = [
1058 | |     (0.00000289226, 5.84384198723, 6283.07584999140),
1059 | |     (0.00000034955, 0.00000000000, 0.00000000000),
1060 | |     (0.00000016819, 5.48766912348, 12566.15169998280),
...    |
1079 | |     (0.00000000005, 4.28412873331, 6275.96230299060),
1080 | | ];
     | |__^

warning: constant is never used: `VSOP87D_L4_EARTH`
    --> src/sun/vsop87d_ear.rs:1082:1
     |
1082 | / const VSOP87D_L4_EARTH: [(f64, f64, f64); 11] = [
1083 | |     (0.00000114084, 3.14159265359, 0.00000000000),
1084 | |     (0.00000007717, 4.13446589358, 6283.07584999140),
1085 | |     (0.00000000765, 3.83803776214, 12566.15169998280),
...    |
1093 | |     (0.00000000002, 0.54912904658, 6438.49624942560),
1094 | | ];
     | |__^

warning: constant is never used: `VSOP87D_L5_EARTH`
    --> src/sun/vsop87d_ear.rs:1096:1
     |
1096 | / const VSOP87D_L5_EARTH: [(f64, f64, f64); 5] = [
1097 | |     (0.00000000878, 3.14159265359, 0.00000000000),
1098 | |     (0.00000000172, 2.76579069510, 6283.07584999140),
1099 | |     (0.00000000050, 2.01353298182, 155.42039943420),
1100 | |     (0.00000000028, 2.21496423926, 12566.15169998280),
1101 | |     (0.00000000005, 1.75600058765, 18849.22754997420),
1102 | | ];
     | |__^

warning: static is never used: `VSOP87D_L_EARTH`
    --> src/sun/vsop87d_ear.rs:1104:1
     |
1104 | / pub(crate) static VSOP87D_L_EARTH: &[(&[(f64, f64, f64)], usize)] = &[
1105 | |     (&VSOP87D_L0_EARTH, VSOP87D_L0_EARTH.len()),
1106 | |     (&VSOP87D_L1_EARTH, VSOP87D_L1_EARTH.len()),
1107 | |     (&VSOP87D_L2_EARTH, VSOP87D_L2_EARTH.len()),
...    |
1110 | |     (&VSOP87D_L5_EARTH, VSOP87D_L5_EARTH.len()),
1111 | | ];
     | |__^

warning: constant is never used: `VSOP87D_B0_EARTH`
    --> src/sun/vsop87d_ear.rs:1113:1
     |
1113 | / const VSOP87D_B0_EARTH: [(f64, f64, f64); 184] = [
1114 | |     (0.00000279620, 3.19870156017, 84334.66158130829),
1115 | |     (0.00000101643, 5.42248619256, 5507.55323866740),
1116 | |     (0.00000080445, 3.88013204458, 5223.69391980220),
...    |
1297 | |     (0.00000000039, 3.11239910690, 96900.81328129109),
1298 | | ];
     | |__^

warning: constant is never used: `VSOP87D_B1_EARTH`
    --> src/sun/vsop87d_ear.rs:1300:1
     |
1300 | / const VSOP87D_B1_EARTH: [(f64, f64, f64); 99] = [
1301 | |     (0.00000009030, 3.89729061890, 5507.55323866740),
1302 | |     (0.00000006177, 1.73038850355, 5223.69391980220),
1303 | |     (0.00000003800, 5.24404145734, 2352.86615377180),
...    |
1399 | |     (0.00000000019, 0.85407021371, 14712.31711645800),
1400 | | ];
     | |__^

warning: constant is never used: `VSOP87D_B2_EARTH`
    --> src/sun/vsop87d_ear.rs:1402:1
     |
1402 | / const VSOP87D_B2_EARTH: [(f64, f64, f64); 49] = [
1403 | |     (0.00000001662, 1.62703209173, 84334.66158130829),
1404 | |     (0.00000000492, 2.41382223971, 1047.74731175470),
1405 | |     (0.00000000344, 2.24353004539, 5507.55323866740),
...    |
1451 | |     (0.00000000009, 5.94191743597, 7632.94325965020),
1452 | | ];
     | |__^

warning: constant is never used: `VSOP87D_B3_EARTH`
    --> src/sun/vsop87d_ear.rs:1454:1
     |
1454 | / const VSOP87D_B3_EARTH: [(f64, f64, f64); 11] = [
1455 | |     (0.00000000011, 0.23877262399, 7860.41939243920),
1456 | |     (0.00000000009, 1.16069982609, 5507.55323866740),
1457 | |     (0.00000000008, 1.65357552925, 5884.92684658320),
...    |
1465 | |     (0.00000000007, 2.73399865247, 6309.37416979120),
1466 | | ];
     | |__^

warning: constant is never used: `VSOP87D_B4_EARTH`
    --> src/sun/vsop87d_ear.rs:1468:1
     |
1468 | / const VSOP87D_B4_EARTH: [(f64, f64, f64); 5] = [
1469 | |     (0.00000000004, 0.79662198849, 6438.49624942560),
1470 | |     (0.00000000005, 0.84308705203, 1047.74731175470),
1471 | |     (0.00000000005, 0.05711572303, 84334.66158130829),
1472 | |     (0.00000000003, 3.46779895686, 6279.55273164240),
1473 | |     (0.00000000003, 2.89822201212, 6127.65545055720),
1474 | | ];
     | |__^

warning: constant is never used: `VSOP87D_B_EARTH`
    --> src/sun/vsop87d_ear.rs:1476:1
     |
1476 | / pub(crate) const VSOP87D_B_EARTH: [(&[(f64, f64, f64)], usize); 5] = [
1477 | |     (&VSOP87D_B0_EARTH, VSOP87D_B0_EARTH.len()),
1478 | |     (&VSOP87D_B1_EARTH, VSOP87D_B1_EARTH.len()),
1479 | |     (&VSOP87D_B2_EARTH, VSOP87D_B2_EARTH.len()),
1480 | |     (&VSOP87D_B3_EARTH, VSOP87D_B3_EARTH.len()),
1481 | |     (&VSOP87D_B4_EARTH, VSOP87D_B4_EARTH.len()),
1482 | | ];
     | |__^

warning: constant is never used: `VSOP87D_R0_EARTH`
    --> src/sun/vsop87d_ear.rs:1484:1
     |
1484 | / const VSOP87D_R0_EARTH: [(f64, f64, f64); 526] = [
1485 | |     (1.00013988799, 0.00000000000, 0.00000000000),
1486 | |     (0.01670699626, 3.09846350771, 6283.07584999140),
1487 | |     (0.00013956023, 3.05524609620, 12566.15169998280),
...    |
2010 | |     (0.00000000050, 6.15760345261, 78051.34191383339),
2011 | | ];
     | |__^

warning: constant is never used: `VSOP87D_R1_EARTH`
    --> src/sun/vsop87d_ear.rs:2013:1
     |
2013 | / const VSOP87D_R1_EARTH: [(f64, f64, f64); 292] = [
2014 | |     (0.00103018608, 1.10748969588, 6283.07584999140),
2015 | |     (0.00001721238, 1.06442301418, 12566.15169998280),
2016 | |     (0.00000702215, 3.14159265359, 0.00000000000),
...    |
2305 | |     (0.00000000020, 5.91915117116, 48739.85989708300),
2306 | | ];
     | |__^

warning: constant is never used: `VSOP87D_R2_EARTH`
    --> src/sun/vsop87d_ear.rs:2308:1
     |
2308 | / const VSOP87D_R2_EARTH: [(f64, f64, f64); 139] = [
2309 | |     (0.00004359385, 5.78455133738, 6283.07584999140),
2310 | |     (0.00000123633, 5.57934722157, 12566.15169998280),
2311 | |     (0.00000012341, 3.14159265359, 0.00000000000),
...    |
2447 | |     (0.00000000009, 4.91488110218, 213.29909543800),
2448 | | ];
     | |__^

warning: constant is never used: `VSOP87D_R3_EARTH`
    --> src/sun/vsop87d_ear.rs:2450:1
     |
2450 | / const VSOP87D_R3_EARTH: [(f64, f64, f64); 27] = [
2451 | |     (0.00000144595, 4.27319435148, 6283.07584999140),
2452 | |     (0.00000006729, 3.91697608662, 12566.15169998280),
2453 | |     (0.00000000774, 0.00000000000, 0.00000000000),
...    |
2477 | |     (0.00000000005, 3.71102966917, 6290.18939699220),
2478 | | ];
     | |__^

warning: constant is never used: `VSOP87D_R4_EARTH`
    --> src/sun/vsop87d_ear.rs:2480:1
     |
2480 | / const VSOP87D_R4_EARTH: [(f64, f64, f64); 10] = [
2481 | |     (0.00000003858, 2.56384387339, 6283.07584999140),
2482 | |     (0.00000000306, 2.26769501230, 12566.15169998280),
2483 | |     (0.00000000053, 3.44031471924, 5573.14280143310),
...    |
2490 | |     (0.00000000003, 1.28175749811, 6286.59896834040),
2491 | | ];
     | |__^

warning: constant is never used: `VSOP87D_R5_EARTH`
    --> src/sun/vsop87d_ear.rs:2493:1
     |
2493 | / const VSOP87D_R5_EARTH: [(f64, f64, f64); 3] = [
2494 | |     (0.00000000086, 1.21579741687, 6283.07584999140),
2495 | |     (0.00000000012, 0.65617264033, 12566.15169998280),
2496 | |     (0.00000000001, 0.38068797142, 18849.22754997420),
2497 | | ];
     | |__^

warning: constant is never used: `VSOP87D_R_EARTH`
    --> src/sun/vsop87d_ear.rs:2499:1
     |
2499 | / pub(crate) const VSOP87D_R_EARTH: [(&[(f64, f64, f64)], usize); 6] = [
2500 | |     (&VSOP87D_R0_EARTH, VSOP87D_R0_EARTH.len()),
2501 | |     (&VSOP87D_R1_EARTH, VSOP87D_R1_EARTH.len()),
2502 | |     (&VSOP87D_R2_EARTH, VSOP87D_R2_EARTH.len()),
...    |
2505 | |     (&VSOP87D_R5_EARTH, VSOP87D_R5_EARTH.len()),
2506 | | ];
     | |__^

warning: constant is never used: `DEGREES_TO_RADIANS`
 --> src/util.rs:3:1
  |
3 | const DEGREES_TO_RADIANS: f64 = std::f64::consts::PI / 180.0;
  | ^^^^^^^^^^^^^^^^^^^^^^^^^^^^^^^^^^^^^^^^^^^^^^^^^^^^^^^^^^^^^

warning: constant is never used: `RADIANS_TO_DEGREES`
 --> src/util.rs:4:1
  |
4 | const RADIANS_TO_DEGREES: f64 = 1.0 / DEGREES_TO_RADIANS;
  | ^^^^^^^^^^^^^^^^^^^^^^^^^^^^^^^^^^^^^^^^^^^^^^^^^^^^^^^^^

warning: function is never used: `map_to_0_to_360`
 --> src/util.rs:7:8
  |
7 | pub fn map_to_0_to_360(angle: f64) -> f64 {
  |        ^^^^^^^^^^^^^^^

warning: function is never used: `map_to_0_to_2pi`
  --> src/util.rs:16:8
   |
16 | pub fn map_to_0_to_2pi(angle: f64) -> f64 {
   |        ^^^^^^^^^^^^^^^

warning: function is never used: `map_to_neg90_to_90`
  --> src/util.rs:24:8
   |
24 | pub fn map_to_neg90_to_90(angle: f64) -> f64 {
   |        ^^^^^^^^^^^^^^^^^^

warning: function is never used: `to_radians`
  --> src/util.rs:29:8
   |
29 | pub fn to_radians(angle: f64) -> f64 {
   |        ^^^^^^^^^^

warning: function is never used: `to_degrees`
  --> src/util.rs:34:8
   |
34 | pub fn to_degrees(angle: f64) -> f64 {
   |        ^^^^^^^^^^

warning: function is never used: `arcsec_to_degrees`
  --> src/util.rs:39:8
   |
39 | pub fn arcsec_to_degrees(v: f64) -> f64 {
   |        ^^^^^^^^^^^^^^^^^

warning: function is never used: `degrees_to_hours`
  --> src/util.rs:46:8
   |
46 | pub fn degrees_to_hours(angle: f64) -> f64 {
   |        ^^^^^^^^^^^^^^^^

warning: function is never used: `radians_to_hours`
  --> src/util.rs:54:8
   |
54 | pub fn radians_to_hours(angle: f64) -> f64 {
   |        ^^^^^^^^^^^^^^^^

warning: field is never read: `hours`
  --> src/util.rs:91:5
   |
91 |     pub(crate) hours: i16,
   |     ^^^^^^^^^^^^^^^^^^^^^

warning: field is never read: `minutes`
  --> src/util.rs:92:5
   |
92 |     pub(crate) minutes: i8,
   |     ^^^^^^^^^^^^^^^^^^^^^^

warning: field is never read: `seconds`
  --> src/util.rs:93:5
   |
93 |     pub(crate) seconds: f64,
   |     ^^^^^^^^^^^^^^^^^^^^^^^

warning: returning the result of a `let` binding from a block
  --> src/ecliptic.rs:31:5
   |
21 | /     let eps_0 = eps_base
22 | |         + u / (60.0 * 60.0)
23 | |             * (-4680.93
24 | |                 + u * (-1.55
...  |
28 | |                                 + u * (-39.05
29 | |                                     + u * (7.12 + u * (27.87 + u * (5.79 + u * (2.45))))))))));
   | |_______________________________________________________________________________________________- unnecessary `let` binding
30 | 
31 |       eps_0
   |       ^^^^^
   |
   = note: `#[warn(clippy::let_and_return)]` on by default
   = help: for further information visit https://rust-lang.github.io/rust-clippy/master/index.html#let_and_return
help: return the expression directly
   |
21 ~     
22 | 
23 ~     eps_base
24 +         + u / (60.0 * 60.0)
25 +             * (-4680.93
26 +                 + u * (-1.55
 ...

warning: returning the result of a `let` binding from a block
  --> src/jd.rs:25:5
   |
20 | /     let jd = (365.25 * (yy as f64 + 4716.0)).trunc()
21 | |         + (30.6001 * (mm as f64 + 1.0)).trunc()
22 | |         + (d as f64 + fract_day)
23 | |         + b
24 | |         - 1524.5;
   | |_________________- unnecessary `let` binding
25 |       jd
   |       ^^
   |
   = help: for further information visit https://rust-lang.github.io/rust-clippy/master/index.html#let_and_return
help: return the expression directly
   |
20 ~     
21 ~     (365.25 * (yy as f64 + 4716.0)).trunc()
22 +         + (30.6001 * (mm as f64 + 1.0)).trunc()
23 +         + (d as f64 + fract_day)
24 +         + b
25 +         - 1524.5
   |

warning: returning the result of a `let` binding from a block
  --> src/jd.rs:42:5
   |
41 |     let t = (jd - jd_epoch_j2000) / 36_525.0;
   |     ----------------------------------------- unnecessary `let` binding
42 |     t
   |     ^
   |
   = help: for further information visit https://rust-lang.github.io/rust-clippy/master/index.html#let_and_return
help: return the expression directly
   |
41 ~     
42 ~     (jd - jd_epoch_j2000) / 36_525.0
   |

warning: returning the result of a `let` binding from a block
  --> src/jd.rs:52:5
   |
51 |     let t = (jd - jd_epoch_j2000) / 365_250.0;
   |     ------------------------------------------ unnecessary `let` binding
52 |     t
   |     ^
   |
   = help: for further information visit https://rust-lang.github.io/rust-clippy/master/index.html#let_and_return
help: return the expression directly
   |
51 ~     
52 ~     (jd - jd_epoch_j2000) / 365_250.0
   |

warning: returning the result of a `let` binding from a block
   --> src/moon/position.rs:147:5
    |
146 |     let mapped = util::map_to_0_to_360(mean_longitude);
    |     --------------------------------------------------- unnecessary `let` binding
147 |     mapped
    |     ^^^^^^
    |
    = help: for further information visit https://rust-lang.github.io/rust-clippy/master/index.html#let_and_return
help: return the expression directly
    |
146 ~     
147 ~     util::map_to_0_to_360(mean_longitude)
    |

warning: returning the result of a `let` binding from a block
   --> src/moon/position.rs:164:5
    |
163 |     let mapped = util::map_to_0_to_360(mean_elongation);
    |     ---------------------------------------------------- unnecessary `let` binding
164 |     mapped
    |     ^^^^^^
    |
    = help: for further information visit https://rust-lang.github.io/rust-clippy/master/index.html#let_and_return
help: return the expression directly
    |
163 ~     
164 ~     util::map_to_0_to_360(mean_elongation)
    |

warning: returning the result of a `let` binding from a block
   --> src/moon/position.rs:181:5
    |
180 |     let mapped = util::map_to_0_to_360(mean_anomaly);
    |     ------------------------------------------------- unnecessary `let` binding
181 |     mapped
    |     ^^^^^^
    |
    = help: for further information visit https://rust-lang.github.io/rust-clippy/master/index.html#let_and_return
help: return the expression directly
    |
180 ~     
181 ~     util::map_to_0_to_360(mean_anomaly)
    |

warning: returning the result of a `let` binding from a block
   --> src/moon/position.rs:198:5
    |
197 |     let mapped = util::map_to_0_to_360(argument_of_latitude);
    |     --------------------------------------------------------- unnecessary `let` binding
198 |     mapped
    |     ^^^^^^
    |
    = help: for further information visit https://rust-lang.github.io/rust-clippy/master/index.html#let_and_return
help: return the expression directly
    |
197 ~     
198 ~     util::map_to_0_to_360(argument_of_latitude)
    |

warning: very complex type used. Consider factoring parts into `type` definitions
 --> src/nutation.rs:4:36
  |
4 | const NUTATION_PERTURBATION_TERMS: [(i8, i8, i8, i8, i8, i64, f64, i64, f64); 63] = [
  |                                    ^^^^^^^^^^^^^^^^^^^^^^^^^^^^^^^^^^^^^^^^^^^^^^
  |
  = note: `#[warn(clippy::type_complexity)]` on by default
  = help: for further information visit https://rust-lang.github.io/rust-clippy/master/index.html#type_complexity

warning: returning the result of a `let` binding from a block
   --> src/sun/position.rs:156:5
    |
133 | /     let delta_lambda = 3548.193
134 | |         + 118.568 * util::to_radians(87.5287 + 359993.7286 * tau).sin()
135 | |         + 2.476 * util::to_radians(85.0561 + 719987.4571 * tau).sin()
136 | |         + 1.376 * util::to_radians(27.8502 + 4452671.1152 * tau).sin()
...   |
153 | |         + 0.004 * tau2 * util::to_radians(297.8610 + 4452671.1152 * tau).sin()
154 | |         + 0.010 * tau3 * util::to_radians(154.7066 + 359993.7286 * tau).sin();
    | |______________________________________________________________________________- unnecessary `let` binding
155 | 
156 |       delta_lambda
    |       ^^^^^^^^^^^^
    |
    = help: for further information visit https://rust-lang.github.io/rust-clippy/master/index.html#let_and_return
help: return the expression directly
    |
133 ~     
134 | 
135 ~     3548.193
136 +         + 118.568 * util::to_radians(87.5287 + 359993.7286 * tau).sin()
137 +         + 2.476 * util::to_radians(85.0561 + 719987.4571 * tau).sin()
138 +         + 1.376 * util::to_radians(27.8502 + 4452671.1152 * tau).sin()
  ...

warning: module has the same name as its containing module
 --> src/sun/mod.rs:2:1
  |
2 | pub mod sun;
  | ^^^^^^^^^^^^
  |
  = note: `#[warn(clippy::module_inception)]` on by default
  = help: for further information visit https://rust-lang.github.io/rust-clippy/master/index.html#module_inception

warning: returning the result of a `let` binding from a block
  --> src/sun/sun.rs:15:5
   |
14 |     let mapped = util::map_to_0_to_360(mean_anomaly);
   |     ------------------------------------------------- unnecessary `let` binding
15 |     mapped
   |     ^^^^^^
   |
   = help: for further information visit https://rust-lang.github.io/rust-clippy/master/index.html#let_and_return
help: return the expression directly
   |
14 ~     
15 ~     util::map_to_0_to_360(mean_anomaly)
   |

error: approximate value of `f{32, 64}::consts::PI` found
    --> src/sun/vsop87d_ear.rs:1083:21
     |
1083 |     (0.00000114084, 3.14159265359, 0.00000000000),
     |                     ^^^^^^^^^^^^^
     |
     = note: `#[deny(clippy::approx_constant)]` on by default
     = help: consider using the constant directly
     = help: for further information visit https://rust-lang.github.io/rust-clippy/master/index.html#approx_constant

error: approximate value of `f{32, 64}::consts::PI` found
    --> src/sun/vsop87d_ear.rs:1097:21
     |
1097 |     (0.00000000878, 3.14159265359, 0.00000000000),
     |                     ^^^^^^^^^^^^^
     |
     = help: consider using the constant directly
     = help: for further information visit https://rust-lang.github.io/rust-clippy/master/index.html#approx_constant

warning: very complex type used. Consider factoring parts into `type` definitions
    --> src/sun/vsop87d_ear.rs:1104:36
     |
1104 | pub(crate) static VSOP87D_L_EARTH: &[(&[(f64, f64, f64)], usize)] = &[
     |                                    ^^^^^^^^^^^^^^^^^^^^^^^^^^^^^^
     |
     = help: for further information visit https://rust-lang.github.io/rust-clippy/master/index.html#type_complexity

error: approximate value of `f{32, 64}::consts::PI` found
    --> src/sun/vsop87d_ear.rs:1174:21
     |
1174 |     (0.00000001039, 3.14159265359, 0.00000000000),
     |                     ^^^^^^^^^^^^^
     |
     = help: consider using the constant directly
     = help: for further information visit https://rust-lang.github.io/rust-clippy/master/index.html#approx_constant

warning: very complex type used. Consider factoring parts into `type` definitions
    --> src/sun/vsop87d_ear.rs:1476:35
     |
1476 | pub(crate) const VSOP87D_B_EARTH: [(&[(f64, f64, f64)], usize); 5] = [
     |                                   ^^^^^^^^^^^^^^^^^^^^^^^^^^^^^^^^
     |
     = help: for further information visit https://rust-lang.github.io/rust-clippy/master/index.html#type_complexity

error: approximate value of `f{32, 64}::consts::PI` found
    --> src/sun/vsop87d_ear.rs:2016:21
     |
2016 |     (0.00000702215, 3.14159265359, 0.00000000000),
     |                     ^^^^^^^^^^^^^
     |
     = help: consider using the constant directly
     = help: for further information visit https://rust-lang.github.io/rust-clippy/master/index.html#approx_constant

error: approximate value of `f{32, 64}::consts::PI` found
    --> src/sun/vsop87d_ear.rs:2311:21
     |
2311 |     (0.00000012341, 3.14159265359, 0.00000000000),
     |                     ^^^^^^^^^^^^^
     |
     = help: consider using the constant directly
     = help: for further information visit https://rust-lang.github.io/rust-clippy/master/index.html#approx_constant

warning: very complex type used. Consider factoring parts into `type` definitions
    --> src/sun/vsop87d_ear.rs:2499:35
     |
2499 | pub(crate) const VSOP87D_R_EARTH: [(&[(f64, f64, f64)], usize); 6] = [
     |                                   ^^^^^^^^^^^^^^^^^^^^^^^^^^^^^^^^
     |
     = help: for further information visit https://rust-lang.github.io/rust-clippy/master/index.html#type_complexity

warning: `moon_android` (lib) generated 82 warnings
error: could not compile `moon_android` due to 5 previous errors; 82 warnings emitted
